<?xml version="1.0" encoding="UTF-8"?>
<testsuite name="org.example.list.MiddleOfTheListTest" tests="4" skipped="0" failures="0" errors="0" timestamp="2024-09-08T11:26:10" hostname="QM1W616TL5" time="0.06">
  <properties/>
  <testcase name="testFindMiddleOddLength()" classname="org.example.list.MiddleOfTheListTest" time="0.041"/>
  <testcase name="testFindMiddleEvenLength()" classname="org.example.list.MiddleOfTheListTest" time="0.001"/>
  <testcase name="testFindMiddleSingleNode()" classname="org.example.list.MiddleOfTheListTest" time="0.001"/>
  <testcase name="testFindMiddleEmptyList()" classname="org.example.list.MiddleOfTheListTest" time="0.004"/>
  <system-out><![CDATA[]]></system-out>
  <system-err><![CDATA[]]></system-err>
</testsuite>
